DEBUG - 2025-05-15 03:58:33 --> Session: Class initialized using 'CodeIgniter\Session\Handlers\FileHandler' driver.
DEBUG - 2025-05-15 04:00:01 --> Session: Class initialized using 'CodeIgniter\Session\Handlers\FileHandler' driver.
DEBUG - 2025-05-15 04:00:29 --> Session: Class initialized using 'CodeIgniter\Session\Handlers\FileHandler' driver.
DEBUG - 2025-05-15 04:00:29 --> Session: Class initialized using 'CodeIgniter\Session\Handlers\FileHandler' driver.
DEBUG - 2025-05-15 04:00:44 --> Session: Class initialized using 'CodeIgniter\Session\Handlers\FileHandler' driver.
DEBUG - 2025-05-15 04:00:44 --> Session: Class initialized using 'CodeIgniter\Session\Handlers\FileHandler' driver.
DEBUG - 2025-05-15 04:11:45 --> Session: Class initialized using 'CodeIgniter\Session\Handlers\FileHandler' driver.
DEBUG - 2025-05-15 04:15:46 --> Session: Class initialized using 'CodeIgniter\Session\Handlers\FileHandler' driver.
DEBUG - 2025-05-15 04:15:46 --> Session: Class initialized using 'CodeIgniter\Session\Handlers\FileHandler' driver.
DEBUG - 2025-05-15 04:16:51 --> Session: Class initialized using 'CodeIgniter\Session\Handlers\FileHandler' driver.
DEBUG - 2025-05-15 04:16:52 --> Session: Class initialized using 'CodeIgniter\Session\Handlers\FileHandler' driver.
DEBUG - 2025-05-15 04:16:59 --> Session: Class initialized using 'CodeIgniter\Session\Handlers\FileHandler' driver.
ERROR - 2025-05-15 04:17:00 --> mysqli_sql_exception: Table 'apotik.tb_presensi' doesn't exist in C:\xampp\htdocs\apotik_lagi\system\Database\MySQLi\Connection.php:327
Stack trace:
#0 C:\xampp\htdocs\apotik_lagi\system\Database\MySQLi\Connection.php(327): mysqli->query('SELECT COUNT(*)...', 0)
#1 C:\xampp\htdocs\apotik_lagi\system\Database\BaseConnection.php(738): CodeIgniter\Database\MySQLi\Connection->execute('SELECT COUNT(*)...')
#2 C:\xampp\htdocs\apotik_lagi\system\Database\BaseConnection.php(652): CodeIgniter\Database\BaseConnection->simpleQuery('SELECT COUNT(*)...')
#3 C:\xampp\htdocs\apotik_lagi\system\Database\BaseBuilder.php(1678): CodeIgniter\Database\BaseConnection->query('SELECT COUNT(*)...', NULL, false)
#4 C:\xampp\htdocs\apotik_lagi\system\Model.php(928): CodeIgniter\Database\BaseBuilder->countAll()
#5 C:\xampp\htdocs\apotik_lagi\app\Controllers\Dashboard.php(22): CodeIgniter\Model->__call('countAll', Array)
#6 C:\xampp\htdocs\apotik_lagi\system\CodeIgniter.php(933): App\Controllers\Dashboard->index()
#7 C:\xampp\htdocs\apotik_lagi\system\CodeIgniter.php(507): CodeIgniter\CodeIgniter->runController(Object(App\Controllers\Dashboard))
#8 C:\xampp\htdocs\apotik_lagi\system\CodeIgniter.php(354): CodeIgniter\CodeIgniter->handleRequest(NULL, Object(Config\Cache), false)
#9 C:\xampp\htdocs\apotik_lagi\system\Boot.php(334): CodeIgniter\CodeIgniter->run()
#10 C:\xampp\htdocs\apotik_lagi\system\Boot.php(67): CodeIgniter\Boot::runCodeIgniter(Object(CodeIgniter\CodeIgniter))
#11 C:\xampp\htdocs\apotik_lagi\public\index.php(56): CodeIgniter\Boot::bootWeb(Object(Config\Paths))
#12 C:\xampp\htdocs\apotik_lagi\system\rewrite.php(44): require_once('C:\\xampp\\htdocs...')
#13 {main}
CRITICAL - 2025-05-15 04:17:00 --> CodeIgniter\Database\Exceptions\DatabaseException: Table 'apotik.tb_presensi' doesn't exist
[Method: GET, Route: dashboard]
in SYSTEMPATH\Database\BaseConnection.php on line 692.
 1 SYSTEMPATH\Database\BaseBuilder.php(1678): CodeIgniter\Database\BaseConnection->query('SELECT COUNT(*) AS `numrows` FROM `tb_presensi`', null, false)
 2 SYSTEMPATH\Model.php(928): CodeIgniter\Database\BaseBuilder->countAll()
 3 APPPATH\Controllers\Dashboard.php(22): CodeIgniter\Model->__call('countAll', [])
 4 SYSTEMPATH\CodeIgniter.php(933): App\Controllers\Dashboard->index()
 5 SYSTEMPATH\CodeIgniter.php(507): CodeIgniter\CodeIgniter->runController(Object(App\Controllers\Dashboard))
 6 SYSTEMPATH\CodeIgniter.php(354): CodeIgniter\CodeIgniter->handleRequest(null, Object(Config\Cache), false)
 7 SYSTEMPATH\Boot.php(334): CodeIgniter\CodeIgniter->run()
 8 SYSTEMPATH\Boot.php(67): CodeIgniter\Boot::runCodeIgniter(Object(CodeIgniter\CodeIgniter))
 9 FCPATH\index.php(56): CodeIgniter\Boot::bootWeb(Object(Config\Paths))
10 SYSTEMPATH\rewrite.php(44): require_once('C:\\xampp\\htdocs\\apotik_lagi\\public\\index.php')
CRITICAL - 2025-05-15 04:17:00 --> [Caused by] CodeIgniter\Database\Exceptions\DatabaseException: Table 'apotik.tb_presensi' doesn't exist
in SYSTEMPATH\Database\MySQLi\Connection.php on line 332.
 1 SYSTEMPATH\Database\BaseConnection.php(738): CodeIgniter\Database\MySQLi\Connection->execute('SELECT COUNT(*) AS `numrows` FROM `tb_presensi`')
 2 SYSTEMPATH\Database\BaseConnection.php(652): CodeIgniter\Database\BaseConnection->simpleQuery('SELECT COUNT(*) AS `numrows` FROM `tb_presensi`')
 3 SYSTEMPATH\Database\BaseBuilder.php(1678): CodeIgniter\Database\BaseConnection->query('SELECT COUNT(*) AS `numrows` FROM `tb_presensi`', null, false)
 4 SYSTEMPATH\Model.php(928): CodeIgniter\Database\BaseBuilder->countAll()
 5 APPPATH\Controllers\Dashboard.php(22): CodeIgniter\Model->__call('countAll', [])
 6 SYSTEMPATH\CodeIgniter.php(933): App\Controllers\Dashboard->index()
 7 SYSTEMPATH\CodeIgniter.php(507): CodeIgniter\CodeIgniter->runController(Object(App\Controllers\Dashboard))
 8 SYSTEMPATH\CodeIgniter.php(354): CodeIgniter\CodeIgniter->handleRequest(null, Object(Config\Cache), false)
 9 SYSTEMPATH\Boot.php(334): CodeIgniter\CodeIgniter->run()
10 SYSTEMPATH\Boot.php(67): CodeIgniter\Boot::runCodeIgniter(Object(CodeIgniter\CodeIgniter))
11 FCPATH\index.php(56): CodeIgniter\Boot::bootWeb(Object(Config\Paths))
12 SYSTEMPATH\rewrite.php(44): require_once('C:\\xampp\\htdocs\\apotik_lagi\\public\\index.php')
CRITICAL - 2025-05-15 04:17:00 --> [Caused by] mysqli_sql_exception: Table 'apotik.tb_presensi' doesn't exist
in SYSTEMPATH\Database\MySQLi\Connection.php on line 327.
 1 SYSTEMPATH\Database\MySQLi\Connection.php(327): mysqli->query('SELECT COUNT(*) AS `numrows` FROM `tb_presensi`', 0)
 2 SYSTEMPATH\Database\BaseConnection.php(738): CodeIgniter\Database\MySQLi\Connection->execute('SELECT COUNT(*) AS `numrows` FROM `tb_presensi`')
 3 SYSTEMPATH\Database\BaseConnection.php(652): CodeIgniter\Database\BaseConnection->simpleQuery('SELECT COUNT(*) AS `numrows` FROM `tb_presensi`')
 4 SYSTEMPATH\Database\BaseBuilder.php(1678): CodeIgniter\Database\BaseConnection->query('SELECT COUNT(*) AS `numrows` FROM `tb_presensi`', null, false)
 5 SYSTEMPATH\Model.php(928): CodeIgniter\Database\BaseBuilder->countAll()
 6 APPPATH\Controllers\Dashboard.php(22): CodeIgniter\Model->__call('countAll', [])
 7 SYSTEMPATH\CodeIgniter.php(933): App\Controllers\Dashboard->index()
 8 SYSTEMPATH\CodeIgniter.php(507): CodeIgniter\CodeIgniter->runController(Object(App\Controllers\Dashboard))
 9 SYSTEMPATH\CodeIgniter.php(354): CodeIgniter\CodeIgniter->handleRequest(null, Object(Config\Cache), false)
10 SYSTEMPATH\Boot.php(334): CodeIgniter\CodeIgniter->run()
11 SYSTEMPATH\Boot.php(67): CodeIgniter\Boot::runCodeIgniter(Object(CodeIgniter\CodeIgniter))
12 FCPATH\index.php(56): CodeIgniter\Boot::bootWeb(Object(Config\Paths))
13 SYSTEMPATH\rewrite.php(44): require_once('C:\\xampp\\htdocs\\apotik_lagi\\public\\index.php')
DEBUG - 2025-05-15 05:29:50 --> Session: Class initialized using 'CodeIgniter\Session\Handlers\FileHandler' driver.
DEBUG - 2025-05-15 05:30:36 --> Session: Class initialized using 'CodeIgniter\Session\Handlers\FileHandler' driver.
ERROR - 2025-05-15 05:30:58 --> Error connecting to the database: mysqli_sql_exception: No connection could be made because the target machine actively refused it in C:\xampp\htdocs\apotik_lagi\system\Database\MySQLi\Connection.php:201
Stack trace:
#0 C:\xampp\htdocs\apotik_lagi\system\Database\MySQLi\Connection.php(201): mysqli->real_connect('localhost', 'root', Object(SensitiveParameterValue), 'apotik', 3306, '', 0)
#1 C:\xampp\htdocs\apotik_lagi\system\Database\BaseConnection.php(421): CodeIgniter\Database\MySQLi\Connection->connect(false)
#2 C:\xampp\htdocs\apotik_lagi\system\Database\BaseConnection.php(620): CodeIgniter\Database\BaseConnection->initialize()
#3 C:\xampp\htdocs\apotik_lagi\system\Database\BaseBuilder.php(1649): CodeIgniter\Database\BaseConnection->query('SELECT 1\nFROM `...', Array, false)
#4 C:\xampp\htdocs\apotik_lagi\system\Validation\Rules.php(175): CodeIgniter\Database\BaseBuilder->get()
#5 C:\xampp\htdocs\apotik_lagi\system\Validation\StrictRules\Rules.php(187): CodeIgniter\Validation\Rules->is_unique('sasa', 'tb_user.nama', Array)
#6 C:\xampp\htdocs\apotik_lagi\system\Validation\Validation.php(337): CodeIgniter\Validation\StrictRules\Rules->is_unique('sasa', 'tb_user.nama', Array, NULL, 'username')
#7 C:\xampp\htdocs\apotik_lagi\system\Validation\Validation.php(202): CodeIgniter\Validation\Validation->processRules('username', 'username', 'sasa', Array, Array, 'username')
#8 C:\xampp\htdocs\apotik_lagi\system\Controller.php(138): CodeIgniter\Validation\Validation->run()
#9 C:\xampp\htdocs\apotik_lagi\app\Controllers\Auth.php(55): CodeIgniter\Controller->validate(Array)
#10 C:\xampp\htdocs\apotik_lagi\system\CodeIgniter.php(933): App\Controllers\Auth->processRegister()
#11 C:\xampp\htdocs\apotik_lagi\system\CodeIgniter.php(507): CodeIgniter\CodeIgniter->runController(Object(App\Controllers\Auth))
#12 C:\xampp\htdocs\apotik_lagi\system\CodeIgniter.php(354): CodeIgniter\CodeIgniter->handleRequest(NULL, Object(Config\Cache), false)
#13 C:\xampp\htdocs\apotik_lagi\system\Boot.php(334): CodeIgniter\CodeIgniter->run()
#14 C:\xampp\htdocs\apotik_lagi\system\Boot.php(67): CodeIgniter\Boot::runCodeIgniter(Object(CodeIgniter\CodeIgniter))
#15 C:\xampp\htdocs\apotik_lagi\public\index.php(56): CodeIgniter\Boot::bootWeb(Object(Config\Paths))
#16 C:\xampp\htdocs\apotik_lagi\system\rewrite.php(44): require_once('C:\\xampp\\htdocs...')
#17 {main}

Next CodeIgniter\Database\Exceptions\DatabaseException: No connection could be made because the target machine actively refused it in C:\xampp\htdocs\apotik_lagi\system\Database\MySQLi\Connection.php:246
Stack trace:
#0 C:\xampp\htdocs\apotik_lagi\system\Database\BaseConnection.php(421): CodeIgniter\Database\MySQLi\Connection->connect(false)
#1 C:\xampp\htdocs\apotik_lagi\system\Database\BaseConnection.php(620): CodeIgniter\Database\BaseConnection->initialize()
#2 C:\xampp\htdocs\apotik_lagi\system\Database\BaseBuilder.php(1649): CodeIgniter\Database\BaseConnection->query('SELECT 1\nFROM `...', Array, false)
#3 C:\xampp\htdocs\apotik_lagi\system\Validation\Rules.php(175): CodeIgniter\Database\BaseBuilder->get()
#4 C:\xampp\htdocs\apotik_lagi\system\Validation\StrictRules\Rules.php(187): CodeIgniter\Validation\Rules->is_unique('sasa', 'tb_user.nama', Array)
#5 C:\xampp\htdocs\apotik_lagi\system\Validation\Validation.php(337): CodeIgniter\Validation\StrictRules\Rules->is_unique('sasa', 'tb_user.nama', Array, NULL, 'username')
#6 C:\xampp\htdocs\apotik_lagi\system\Validation\Validation.php(202): CodeIgniter\Validation\Validation->processRules('username', 'username', 'sasa', Array, Array, 'username')
#7 C:\xampp\htdocs\apotik_lagi\system\Controller.php(138): CodeIgniter\Validation\Validation->run()
#8 C:\xampp\htdocs\apotik_lagi\app\Controllers\Auth.php(55): CodeIgniter\Controller->validate(Array)
#9 C:\xampp\htdocs\apotik_lagi\system\CodeIgniter.php(933): App\Controllers\Auth->processRegister()
#10 C:\xampp\htdocs\apotik_lagi\system\CodeIgniter.php(507): CodeIgniter\CodeIgniter->runController(Object(App\Controllers\Auth))
#11 C:\xampp\htdocs\apotik_lagi\system\CodeIgniter.php(354): CodeIgniter\CodeIgniter->handleRequest(NULL, Object(Config\Cache), false)
#12 C:\xampp\htdocs\apotik_lagi\system\Boot.php(334): CodeIgniter\CodeIgniter->run()
#13 C:\xampp\htdocs\apotik_lagi\system\Boot.php(67): CodeIgniter\Boot::runCodeIgniter(Object(CodeIgniter\CodeIgniter))
#14 C:\xampp\htdocs\apotik_lagi\public\index.php(56): CodeIgniter\Boot::bootWeb(Object(Config\Paths))
#15 C:\xampp\htdocs\apotik_lagi\system\rewrite.php(44): require_once('C:\\xampp\\htdocs...')
#16 {main}
CRITICAL - 2025-05-15 05:30:58 --> CodeIgniter\Database\Exceptions\DatabaseException: Unable to connect to the database.
Main connection [MySQLi]: No connection could be made because the target machine actively refused it
[Method: POST, Route: processRegister]
in SYSTEMPATH\Database\BaseConnection.php on line 467.
 1 SYSTEMPATH\Database\BaseConnection.php(620): CodeIgniter\Database\BaseConnection->initialize()
 2 SYSTEMPATH\Database\BaseBuilder.php(1649): CodeIgniter\Database\BaseConnection->query('SELECT 1
FROM `tb_user`
WHERE `nama` = :nama:
 LIMIT 1', [...], false)
 3 SYSTEMPATH\Validation\Rules.php(175): CodeIgniter\Database\BaseBuilder->get()
 4 SYSTEMPATH\Validation\StrictRules\Rules.php(187): CodeIgniter\Validation\Rules->is_unique('sasa', 'tb_user.nama', [...])
 5 SYSTEMPATH\Validation\Validation.php(337): CodeIgniter\Validation\StrictRules\Rules->is_unique('sasa', 'tb_user.nama', [...], null, 'username')
 6 SYSTEMPATH\Validation\Validation.php(202): CodeIgniter\Validation\Validation->processRules('username', 'username', 'sasa', [...], [...], 'username')
 7 SYSTEMPATH\Controller.php(138): CodeIgniter\Validation\Validation->run()
 8 APPPATH\Controllers\Auth.php(55): CodeIgniter\Controller->validate([...])
 9 SYSTEMPATH\CodeIgniter.php(933): App\Controllers\Auth->processRegister()
10 SYSTEMPATH\CodeIgniter.php(507): CodeIgniter\CodeIgniter->runController(Object(App\Controllers\Auth))
11 SYSTEMPATH\CodeIgniter.php(354): CodeIgniter\CodeIgniter->handleRequest(null, Object(Config\Cache), false)
12 SYSTEMPATH\Boot.php(334): CodeIgniter\CodeIgniter->run()
13 SYSTEMPATH\Boot.php(67): CodeIgniter\Boot::runCodeIgniter(Object(CodeIgniter\CodeIgniter))
14 FCPATH\index.php(56): CodeIgniter\Boot::bootWeb(Object(Config\Paths))
15 SYSTEMPATH\rewrite.php(44): require_once('C:\\xampp\\htdocs\\apotik_lagi\\public\\index.php')
DEBUG - 2025-05-15 05:31:01 --> Session: Class initialized using 'CodeIgniter\Session\Handlers\FileHandler' driver.
DEBUG - 2025-05-15 05:31:04 --> Session: Class initialized using 'CodeIgniter\Session\Handlers\FileHandler' driver.
ERROR - 2025-05-15 05:31:19 --> Error connecting to the database: mysqli_sql_exception: No connection could be made because the target machine actively refused it in C:\xampp\htdocs\apotik_lagi\system\Database\MySQLi\Connection.php:201
Stack trace:
#0 C:\xampp\htdocs\apotik_lagi\system\Database\MySQLi\Connection.php(201): mysqli->real_connect('localhost', 'root', Object(SensitiveParameterValue), 'apotik', 3306, '', 0)
#1 C:\xampp\htdocs\apotik_lagi\system\Database\BaseConnection.php(421): CodeIgniter\Database\MySQLi\Connection->connect(false)
#2 C:\xampp\htdocs\apotik_lagi\system\Database\BaseConnection.php(620): CodeIgniter\Database\BaseConnection->initialize()
#3 C:\xampp\htdocs\apotik_lagi\system\Database\BaseBuilder.php(1649): CodeIgniter\Database\BaseConnection->query('SELECT *\nFROM `...', Array, false)
#4 C:\xampp\htdocs\apotik_lagi\system\Model.php(330): CodeIgniter\Database\BaseBuilder->get()
#5 C:\xampp\htdocs\apotik_lagi\system\BaseModel.php(713): CodeIgniter\Model->doFirst()
#6 C:\xampp\htdocs\apotik_lagi\app\Models\UserModel.php(16): CodeIgniter\BaseModel->first()
#7 C:\xampp\htdocs\apotik_lagi\app\Controllers\Auth.php(26): App\Models\UserModel->verifyPassword('sasa', '123')
#8 C:\xampp\htdocs\apotik_lagi\system\CodeIgniter.php(933): App\Controllers\Auth->login()
#9 C:\xampp\htdocs\apotik_lagi\system\CodeIgniter.php(507): CodeIgniter\CodeIgniter->runController(Object(App\Controllers\Auth))
#10 C:\xampp\htdocs\apotik_lagi\system\CodeIgniter.php(354): CodeIgniter\CodeIgniter->handleRequest(NULL, Object(Config\Cache), false)
#11 C:\xampp\htdocs\apotik_lagi\system\Boot.php(334): CodeIgniter\CodeIgniter->run()
#12 C:\xampp\htdocs\apotik_lagi\system\Boot.php(67): CodeIgniter\Boot::runCodeIgniter(Object(CodeIgniter\CodeIgniter))
#13 C:\xampp\htdocs\apotik_lagi\public\index.php(56): CodeIgniter\Boot::bootWeb(Object(Config\Paths))
#14 C:\xampp\htdocs\apotik_lagi\system\rewrite.php(44): require_once('C:\\xampp\\htdocs...')
#15 {main}

Next CodeIgniter\Database\Exceptions\DatabaseException: No connection could be made because the target machine actively refused it in C:\xampp\htdocs\apotik_lagi\system\Database\MySQLi\Connection.php:246
Stack trace:
#0 C:\xampp\htdocs\apotik_lagi\system\Database\BaseConnection.php(421): CodeIgniter\Database\MySQLi\Connection->connect(false)
#1 C:\xampp\htdocs\apotik_lagi\system\Database\BaseConnection.php(620): CodeIgniter\Database\BaseConnection->initialize()
#2 C:\xampp\htdocs\apotik_lagi\system\Database\BaseBuilder.php(1649): CodeIgniter\Database\BaseConnection->query('SELECT *\nFROM `...', Array, false)
#3 C:\xampp\htdocs\apotik_lagi\system\Model.php(330): CodeIgniter\Database\BaseBuilder->get()
#4 C:\xampp\htdocs\apotik_lagi\system\BaseModel.php(713): CodeIgniter\Model->doFirst()
#5 C:\xampp\htdocs\apotik_lagi\app\Models\UserModel.php(16): CodeIgniter\BaseModel->first()
#6 C:\xampp\htdocs\apotik_lagi\app\Controllers\Auth.php(26): App\Models\UserModel->verifyPassword('sasa', '123')
#7 C:\xampp\htdocs\apotik_lagi\system\CodeIgniter.php(933): App\Controllers\Auth->login()
#8 C:\xampp\htdocs\apotik_lagi\system\CodeIgniter.php(507): CodeIgniter\CodeIgniter->runController(Object(App\Controllers\Auth))
#9 C:\xampp\htdocs\apotik_lagi\system\CodeIgniter.php(354): CodeIgniter\CodeIgniter->handleRequest(NULL, Object(Config\Cache), false)
#10 C:\xampp\htdocs\apotik_lagi\system\Boot.php(334): CodeIgniter\CodeIgniter->run()
#11 C:\xampp\htdocs\apotik_lagi\system\Boot.php(67): CodeIgniter\Boot::runCodeIgniter(Object(CodeIgniter\CodeIgniter))
#12 C:\xampp\htdocs\apotik_lagi\public\index.php(56): CodeIgniter\Boot::bootWeb(Object(Config\Paths))
#13 C:\xampp\htdocs\apotik_lagi\system\rewrite.php(44): require_once('C:\\xampp\\htdocs...')
#14 {main}
CRITICAL - 2025-05-15 05:31:19 --> CodeIgniter\Database\Exceptions\DatabaseException: Unable to connect to the database.
Main connection [MySQLi]: No connection could be made because the target machine actively refused it
[Method: POST, Route: login]
in SYSTEMPATH\Database\BaseConnection.php on line 467.
 1 SYSTEMPATH\Database\BaseConnection.php(620): CodeIgniter\Database\BaseConnection->initialize()
 2 SYSTEMPATH\Database\BaseBuilder.php(1649): CodeIgniter\Database\BaseConnection->query('SELECT *
FROM `tb_user`
WHERE `nama` = :nama:
 LIMIT 1', [...], false)
 3 SYSTEMPATH\Model.php(330): CodeIgniter\Database\BaseBuilder->get()
 4 SYSTEMPATH\BaseModel.php(713): CodeIgniter\Model->doFirst()
 5 APPPATH\Models\UserModel.php(16): CodeIgniter\BaseModel->first()
 6 APPPATH\Controllers\Auth.php(26): App\Models\UserModel->verifyPassword('sasa', '123')
 7 SYSTEMPATH\CodeIgniter.php(933): App\Controllers\Auth->login()
 8 SYSTEMPATH\CodeIgniter.php(507): CodeIgniter\CodeIgniter->runController(Object(App\Controllers\Auth))
 9 SYSTEMPATH\CodeIgniter.php(354): CodeIgniter\CodeIgniter->handleRequest(null, Object(Config\Cache), false)
10 SYSTEMPATH\Boot.php(334): CodeIgniter\CodeIgniter->run()
11 SYSTEMPATH\Boot.php(67): CodeIgniter\Boot::runCodeIgniter(Object(CodeIgniter\CodeIgniter))
12 FCPATH\index.php(56): CodeIgniter\Boot::bootWeb(Object(Config\Paths))
13 SYSTEMPATH\rewrite.php(44): require_once('C:\\xampp\\htdocs\\apotik_lagi\\public\\index.php')
DEBUG - 2025-05-15 05:33:45 --> Session: Class initialized using 'CodeIgniter\Session\Handlers\FileHandler' driver.
DEBUG - 2025-05-15 05:33:55 --> Session: Class initialized using 'CodeIgniter\Session\Handlers\FileHandler' driver.
DEBUG - 2025-05-15 05:33:55 --> Session: Class initialized using 'CodeIgniter\Session\Handlers\FileHandler' driver.
DEBUG - 2025-05-15 05:34:13 --> Session: Class initialized using 'CodeIgniter\Session\Handlers\FileHandler' driver.
DEBUG - 2025-05-15 05:34:29 --> Session: Class initialized using 'CodeIgniter\Session\Handlers\FileHandler' driver.
DEBUG - 2025-05-15 05:34:30 --> Session: Class initialized using 'CodeIgniter\Session\Handlers\FileHandler' driver.
DEBUG - 2025-05-15 05:34:57 --> Session: Class initialized using 'CodeIgniter\Session\Handlers\FileHandler' driver.
DEBUG - 2025-05-15 05:34:57 --> Session: Class initialized using 'CodeIgniter\Session\Handlers\FileHandler' driver.
DEBUG - 2025-05-15 05:35:16 --> Session: Class initialized using 'CodeIgniter\Session\Handlers\FileHandler' driver.
ERROR - 2025-05-15 05:35:16 --> mysqli_sql_exception: Table 'apotik.tb_presensi' doesn't exist in C:\xampp\htdocs\apotik_lagi\system\Database\MySQLi\Connection.php:327
Stack trace:
#0 C:\xampp\htdocs\apotik_lagi\system\Database\MySQLi\Connection.php(327): mysqli->query('SELECT COUNT(*)...', 0)
#1 C:\xampp\htdocs\apotik_lagi\system\Database\BaseConnection.php(738): CodeIgniter\Database\MySQLi\Connection->execute('SELECT COUNT(*)...')
#2 C:\xampp\htdocs\apotik_lagi\system\Database\BaseConnection.php(652): CodeIgniter\Database\BaseConnection->simpleQuery('SELECT COUNT(*)...')
#3 C:\xampp\htdocs\apotik_lagi\system\Database\BaseBuilder.php(1678): CodeIgniter\Database\BaseConnection->query('SELECT COUNT(*)...', NULL, false)
#4 C:\xampp\htdocs\apotik_lagi\system\Model.php(928): CodeIgniter\Database\BaseBuilder->countAll()
#5 C:\xampp\htdocs\apotik_lagi\app\Controllers\Dashboard.php(22): CodeIgniter\Model->__call('countAll', Array)
#6 C:\xampp\htdocs\apotik_lagi\system\CodeIgniter.php(933): App\Controllers\Dashboard->index()
#7 C:\xampp\htdocs\apotik_lagi\system\CodeIgniter.php(507): CodeIgniter\CodeIgniter->runController(Object(App\Controllers\Dashboard))
#8 C:\xampp\htdocs\apotik_lagi\system\CodeIgniter.php(354): CodeIgniter\CodeIgniter->handleRequest(NULL, Object(Config\Cache), false)
#9 C:\xampp\htdocs\apotik_lagi\system\Boot.php(334): CodeIgniter\CodeIgniter->run()
#10 C:\xampp\htdocs\apotik_lagi\system\Boot.php(67): CodeIgniter\Boot::runCodeIgniter(Object(CodeIgniter\CodeIgniter))
#11 C:\xampp\htdocs\apotik_lagi\public\index.php(56): CodeIgniter\Boot::bootWeb(Object(Config\Paths))
#12 C:\xampp\htdocs\apotik_lagi\system\rewrite.php(44): require_once('C:\\xampp\\htdocs...')
#13 {main}
CRITICAL - 2025-05-15 05:35:16 --> CodeIgniter\Database\Exceptions\DatabaseException: Table 'apotik.tb_presensi' doesn't exist
[Method: GET, Route: dashboard]
in SYSTEMPATH\Database\BaseConnection.php on line 692.
 1 SYSTEMPATH\Database\BaseBuilder.php(1678): CodeIgniter\Database\BaseConnection->query('SELECT COUNT(*) AS `numrows` FROM `tb_presensi`', null, false)
 2 SYSTEMPATH\Model.php(928): CodeIgniter\Database\BaseBuilder->countAll()
 3 APPPATH\Controllers\Dashboard.php(22): CodeIgniter\Model->__call('countAll', [])
 4 SYSTEMPATH\CodeIgniter.php(933): App\Controllers\Dashboard->index()
 5 SYSTEMPATH\CodeIgniter.php(507): CodeIgniter\CodeIgniter->runController(Object(App\Controllers\Dashboard))
 6 SYSTEMPATH\CodeIgniter.php(354): CodeIgniter\CodeIgniter->handleRequest(null, Object(Config\Cache), false)
 7 SYSTEMPATH\Boot.php(334): CodeIgniter\CodeIgniter->run()
 8 SYSTEMPATH\Boot.php(67): CodeIgniter\Boot::runCodeIgniter(Object(CodeIgniter\CodeIgniter))
 9 FCPATH\index.php(56): CodeIgniter\Boot::bootWeb(Object(Config\Paths))
10 SYSTEMPATH\rewrite.php(44): require_once('C:\\xampp\\htdocs\\apotik_lagi\\public\\index.php')
CRITICAL - 2025-05-15 05:35:16 --> [Caused by] CodeIgniter\Database\Exceptions\DatabaseException: Table 'apotik.tb_presensi' doesn't exist
in SYSTEMPATH\Database\MySQLi\Connection.php on line 332.
 1 SYSTEMPATH\Database\BaseConnection.php(738): CodeIgniter\Database\MySQLi\Connection->execute('SELECT COUNT(*) AS `numrows` FROM `tb_presensi`')
 2 SYSTEMPATH\Database\BaseConnection.php(652): CodeIgniter\Database\BaseConnection->simpleQuery('SELECT COUNT(*) AS `numrows` FROM `tb_presensi`')
 3 SYSTEMPATH\Database\BaseBuilder.php(1678): CodeIgniter\Database\BaseConnection->query('SELECT COUNT(*) AS `numrows` FROM `tb_presensi`', null, false)
 4 SYSTEMPATH\Model.php(928): CodeIgniter\Database\BaseBuilder->countAll()
 5 APPPATH\Controllers\Dashboard.php(22): CodeIgniter\Model->__call('countAll', [])
 6 SYSTEMPATH\CodeIgniter.php(933): App\Controllers\Dashboard->index()
 7 SYSTEMPATH\CodeIgniter.php(507): CodeIgniter\CodeIgniter->runController(Object(App\Controllers\Dashboard))
 8 SYSTEMPATH\CodeIgniter.php(354): CodeIgniter\CodeIgniter->handleRequest(null, Object(Config\Cache), false)
 9 SYSTEMPATH\Boot.php(334): CodeIgniter\CodeIgniter->run()
10 SYSTEMPATH\Boot.php(67): CodeIgniter\Boot::runCodeIgniter(Object(CodeIgniter\CodeIgniter))
11 FCPATH\index.php(56): CodeIgniter\Boot::bootWeb(Object(Config\Paths))
12 SYSTEMPATH\rewrite.php(44): require_once('C:\\xampp\\htdocs\\apotik_lagi\\public\\index.php')
CRITICAL - 2025-05-15 05:35:16 --> [Caused by] mysqli_sql_exception: Table 'apotik.tb_presensi' doesn't exist
in SYSTEMPATH\Database\MySQLi\Connection.php on line 327.
 1 SYSTEMPATH\Database\MySQLi\Connection.php(327): mysqli->query('SELECT COUNT(*) AS `numrows` FROM `tb_presensi`', 0)
 2 SYSTEMPATH\Database\BaseConnection.php(738): CodeIgniter\Database\MySQLi\Connection->execute('SELECT COUNT(*) AS `numrows` FROM `tb_presensi`')
 3 SYSTEMPATH\Database\BaseConnection.php(652): CodeIgniter\Database\BaseConnection->simpleQuery('SELECT COUNT(*) AS `numrows` FROM `tb_presensi`')
 4 SYSTEMPATH\Database\BaseBuilder.php(1678): CodeIgniter\Database\BaseConnection->query('SELECT COUNT(*) AS `numrows` FROM `tb_presensi`', null, false)
 5 SYSTEMPATH\Model.php(928): CodeIgniter\Database\BaseBuilder->countAll()
 6 APPPATH\Controllers\Dashboard.php(22): CodeIgniter\Model->__call('countAll', [])
 7 SYSTEMPATH\CodeIgniter.php(933): App\Controllers\Dashboard->index()
 8 SYSTEMPATH\CodeIgniter.php(507): CodeIgniter\CodeIgniter->runController(Object(App\Controllers\Dashboard))
 9 SYSTEMPATH\CodeIgniter.php(354): CodeIgniter\CodeIgniter->handleRequest(null, Object(Config\Cache), false)
10 SYSTEMPATH\Boot.php(334): CodeIgniter\CodeIgniter->run()
11 SYSTEMPATH\Boot.php(67): CodeIgniter\Boot::runCodeIgniter(Object(CodeIgniter\CodeIgniter))
12 FCPATH\index.php(56): CodeIgniter\Boot::bootWeb(Object(Config\Paths))
13 SYSTEMPATH\rewrite.php(44): require_once('C:\\xampp\\htdocs\\apotik_lagi\\public\\index.php')
